# JRE version: OpenJDK Runtime Environment (8.0_252-b09) (build 1.8.0_252-8u252-b09-1~18.04-b09)
# Java VM: OpenJDK 64-Bit Server VM (25.252-b09 mixed mode linux-amd64 compressed oops)
Heap:
 PSYoungGen      total 29696K, used 27878K [0x00000000eab00000, 0x00000000ecc80000, 0x0000000100000000)
  eden space 28160K, 93% used [0x00000000eab00000,0x00000000ec4bb050,0x00000000ec680000)
  from space 1536K, 99% used [0x00000000ecb00000,0x00000000ecc7e910,0x00000000ecc80000)
  to   space 3072K, 0% used [0x00000000ec680000,0x00000000ec680000,0x00000000ec980000)
 ParOldGen       total 79872K, used 73475K [0x00000000c0000000, 0x00000000c4e00000, 0x00000000eab00000)
  object space 79872K, 91% used [0x00000000c0000000,0x00000000c47c0e88,0x00000000c4e00000)
 Metaspace       used 57998K, capacity 61338K, committed 61696K, reserved 1103872K
  class space    used 5625K, capacity 6551K, committed 6656K, reserved 1048576K
GC Heap History (10 events):
Event: 173,287 GC heap before
{Heap before GC invocations=229 (full 15):
 PSYoungGen      total 31744K, used 31721K [0x00000000eab00000, 0x00000000ece80000, 0x0000000100000000)
  eden space 30208K, 100% used [0x00000000eab00000,0x00000000ec880000,0x00000000ec880000)
  from space 1536K, 98% used [0x00000000ec900000,0x00000000eca7a440,0x00000000eca80000)
  to   space 3072K, 0% used [0x00000000ecb80000,0x00000000ecb80000,0x00000000ece80000)
 ParOldGen       total 79872K, used 70421K [0x00000000c0000000, 0x00000000c4e00000, 0x00000000eab00000)
  object space 79872K, 88% used [0x00000000c0000000,0x00000000c44c5768,0x00000000c4e00000)
 Metaspace       used 57240K, capacity 60476K, committed 60800K, reserved 1103872K
  class space    used 5552K, capacity 6414K, committed 6528K, reserved 1048576K
Event: 173,291 GC heap after
Heap after GC invocations=229 (full 15):
 PSYoungGen      total 32256K, used 2341K [0x00000000eab00000, 0x00000000ece00000, 0x0000000100000000)
  eden space 29696K, 0% used [0x00000000eab00000,0x00000000eab00000,0x00000000ec800000)
  from space 2560K, 91% used [0x00000000ecb80000,0x00000000ecdc96f0,0x00000000ece00000)
  to   space 2560K, 0% used [0x00000000ec900000,0x00000000ec900000,0x00000000ecb80000)
 ParOldGen       total 79872K, used 70490K [0x00000000c0000000, 0x00000000c4e00000, 0x00000000eab00000)
  object space 79872K, 88% used [0x00000000c0000000,0x00000000c44d6848,0x00000000c4e00000)
 Metaspace       used 57240K, capacity 60476K, committed 60800K, reserved 1103872K
  class space    used 5552K, capacity 6414K, committed 6528K, reserved 1048576K
}
Event: 175,367 GC heap before
{Heap before GC invocations=230 (full 15):
 PSYoungGen      total 32256K, used 32037K [0x00000000eab00000, 0x00000000ece00000, 0x0000000100000000)
  eden space 29696K, 100% used [0x00000000eab00000,0x00000000ec800000,0x00000000ec800000)
  from space 2560K, 91% used [0x00000000ecb80000,0x00000000ecdc96f0,0x00000000ece00000)
  to   space 2560K, 0% used [0x00000000ec900000,0x00000000ec900000,0x00000000ecb80000)
 ParOldGen       total 79872K, used 70490K [0x00000000c0000000, 0x00000000c4e00000, 0x00000000eab00000)
  object space 79872K, 88% used [0x00000000c0000000,0x00000000c44d6848,0x00000000c4e00000)
 Metaspace       used 57532K, capacity 60764K, committed 61056K, reserved 1103872K
  class space    used 5590K, capacity 6446K, committed 6528K, reserved 1048576K
Event: 175,372 GC heap after
Heap after GC invocations=230 (full 15):
 PSYoungGen      total 31744K, used 2559K [0x00000000eab00000, 0x00000000ecf80000, 0x0000000100000000)
  eden space 29184K, 0% used [0x00000000eab00000,0x00000000eab00000,0x00000000ec780000)
  from space 2560K, 99% used [0x00000000ec900000,0x00000000ecb7fcf0,0x00000000ecb80000)
  to   space 4096K, 0% used [0x00000000ecb80000,0x00000000ecb80000,0x00000000ecf80000)
 ParOldGen       total 79872K, used 71379K [0x00000000c0000000, 0x00000000c4e00000, 0x00000000eab00000)
  object space 79872K, 89% used [0x00000000c0000000,0x00000000c45b4f18,0x00000000c4e00000)
 Metaspace       used 57532K, capacity 60764K, committed 61056K, reserved 1103872K
  class space    used 5590K, capacity 6446K, committed 6528K, reserved 1048576K
}
Event: 176,950 GC heap before
{Heap before GC invocations=231 (full 15):
 PSYoungGen      total 31744K, used 31743K [0x00000000eab00000, 0x00000000ecf80000, 0x0000000100000000)
  eden space 29184K, 100% used [0x00000000eab00000,0x00000000ec780000,0x00000000ec780000)
  from space 2560K, 99% used [0x00000000ec900000,0x00000000ecb7fcf0,0x00000000ecb80000)
  to   space 4096K, 0% used [0x00000000ecb80000,0x00000000ecb80000,0x00000000ecf80000)
 ParOldGen       total 79872K, used 71379K [0x00000000c0000000, 0x00000000c4e00000, 0x00000000eab00000)
  object space 79872K, 89% used [0x00000000c0000000,0x00000000c45b4f18,0x00000000c4e00000)
 Metaspace       used 57619K, capacity 60828K, committed 61056K, reserved 1103872K
  class space    used 5592K, capacity 6446K, committed 6528K, reserved 1048576K
Event: 176,954 GC heap after
Heap after GC invocations=231 (full 15):
 PSYoungGen      total 31232K, used 2214K [0x00000000eab00000, 0x00000000ece00000, 0x0000000100000000)
  eden space 28672K, 0% used [0x00000000eab00000,0x00000000eab00000,0x00000000ec700000)
  from space 2560K, 86% used [0x00000000ecb80000,0x00000000ecda9a80,0x00000000ece00000)
  to   space 3072K, 0% used [0x00000000ec800000,0x00000000ec800000,0x00000000ecb00000)
 ParOldGen       total 79872K, used 72096K [0x00000000c0000000, 0x00000000c4e00000, 0x00000000eab00000)
  object space 79872K, 90% used [0x00000000c0000000,0x00000000c4668148,0x00000000c4e00000)
 Metaspace       used 57619K, capacity 60828K, committed 61056K, reserved 1103872K
  class space    used 5592K, capacity 6446K, committed 6528K, reserved 1048576K
}
Event: 178,096 GC heap before
{Heap before GC invocations=232 (full 15):
 PSYoungGen      total 31232K, used 30886K [0x00000000eab00000, 0x00000000ece00000, 0x0000000100000000)
  eden space 28672K, 100% used [0x00000000eab00000,0x00000000ec700000,0x00000000ec700000)
  from space 2560K, 86% used [0x00000000ecb80000,0x00000000ecda9a80,0x00000000ece00000)
  to   space 3072K, 0% used [0x00000000ec800000,0x00000000ec800000,0x00000000ecb00000)
 ParOldGen       total 79872K, used 72096K [0x00000000c0000000, 0x00000000c4e00000, 0x00000000eab00000)
  object space 79872K, 90% used [0x00000000c0000000,0x00000000c4668148,0x00000000c4e00000)
 Metaspace       used 57918K, capacity 61274K, committed 61440K, reserved 1103872K
  class space    used 5622K, capacity 6551K, committed 6656K, reserved 1048576K
Event: 178,099 GC heap after
Heap after GC invocations=232 (full 15):
 PSYoungGen      total 31232K, used 2854K [0x00000000eab00000, 0x00000000ecc80000, 0x0000000100000000)
  eden space 28160K, 0% used [0x00000000eab00000,0x00000000eab00000,0x00000000ec680000)
  from space 3072K, 92% used [0x00000000ec800000,0x00000000ecac9940,0x00000000ecb00000)
  to   space 1536K, 0% used [0x00000000ecb00000,0x00000000ecb00000,0x00000000ecc80000)
 ParOldGen       total 79872K, used 72096K [0x00000000c0000000, 0x00000000c4e00000, 0x00000000eab00000)
  object space 79872K, 90% used [0x00000000c0000000,0x00000000c4668148,0x00000000c4e00000)
 Metaspace       used 57918K, capacity 61274K, committed 61440K, reserved 1103872K
  class space    used 5622K, capacity 6551K, committed 6656K, reserved 1048576K
}
Event: 179,584 GC heap before
{Heap before GC invocations=233 (full 15):
 PSYoungGen      total 31232K, used 31014K [0x00000000eab00000, 0x00000000ecc80000, 0x0000000100000000)
  eden space 28160K, 100% used [0x00000000eab00000,0x00000000ec680000,0x00000000ec680000)
  from space 3072K, 92% used [0x00000000ec800000,0x00000000ecac9940,0x00000000ecb00000)
  to   space 1536K, 0% used [0x00000000ecb00000,0x00000000ecb00000,0x00000000ecc80000)
 ParOldGen       total 79872K, used 72096K [0x00000000c0000000, 0x00000000c4e00000, 0x00000000eab00000)
  object space 79872K, 90% used [0x00000000c0000000,0x00000000c4668148,0x00000000c4e00000)
 Metaspace       used 57949K, capacity 61274K, committed 61440K, reserved 1103872K
  class space    used 5622K, capacity 6551K, committed 6656K, reserved 1048576K
Event: 179,588 GC heap after
Heap after GC invocations=233 (full 15):
 PSYoungGen      total 29696K, used 1530K [0x00000000eab00000, 0x00000000ecc80000, 0x0000000100000000)
  eden space 28160K, 0% used [0x00000000eab00000,0x00000000eab00000,0x00000000ec680000)
  from space 1536K, 99% used [0x00000000ecb00000,0x00000000ecc7e910,0x00000000ecc80000)
  to   space 3072K, 0% used [0x00000000ec680000,0x00000000ec680000,0x00000000ec980000)
 ParOldGen       total 79872K, used 73475K [0x00000000c0000000, 0x00000000c4e00000, 0x00000000eab00000)
  object space 79872K, 91% used [0x00000000c0000000,0x00000000c47c0e88,0x00000000c4e00000)
 Metaspace       used 57949K, capacity 61274K, committed 61440K, reserved 1103872K
  class space    used 5622K, capacity 6551K, committed 6656K, reserved 1048576K
}

