# JRE version: OpenJDK Runtime Environment (8.0_252-b09) (build 1.8.0_252-8u252-b09-1~18.04-b09)
# Java VM: OpenJDK 64-Bit Server VM (25.252-b09 mixed mode linux-amd64 compressed oops)
Heap:
 PSYoungGen      total 32768K, used 18115K [0x00000000eab00000, 0x00000000ecf00000, 0x0000000100000000)
  eden space 30720K, 52% used [0x00000000eab00000,0x00000000ebac0c00,0x00000000ec900000)
  from space 2048K, 96% used [0x00000000ecd00000,0x00000000ecef0000,0x00000000ecf00000)
  to   space 2560K, 0% used [0x00000000eca00000,0x00000000eca00000,0x00000000ecc80000)
 ParOldGen       total 166912K, used 138973K [0x00000000c0000000, 0x00000000ca300000, 0x00000000eab00000)
  object space 166912K, 83% used [0x00000000c0000000,0x00000000c87b7490,0x00000000ca300000)
 Metaspace       used 65180K, capacity 68488K, committed 69248K, reserved 1112064K
  class space    used 6307K, capacity 7351K, committed 7552K, reserved 1048576K
GC Heap History (10 events):
Event: 3028,986 GC heap before
{Heap before GC invocations=176 (full 16):
 PSYoungGen      total 32256K, used 29312K [0x00000000eab00000, 0x00000000ecc00000, 0x0000000100000000)
  eden space 28672K, 100% used [0x00000000eab00000,0x00000000ec700000,0x00000000ec700000)
  from space 3584K, 17% used [0x00000000ec700000,0x00000000ec7a0000,0x00000000eca80000)
  to   space 1536K, 0% used [0x00000000eca80000,0x00000000eca80000,0x00000000ecc00000)
 ParOldGen       total 166912K, used 134844K [0x00000000c0000000, 0x00000000ca300000, 0x00000000eab00000)
  object space 166912K, 80% used [0x00000000c0000000,0x00000000c83af1f0,0x00000000ca300000)
 Metaspace       used 65147K, capacity 68488K, committed 69248K, reserved 1112064K
  class space    used 6306K, capacity 7351K, committed 7552K, reserved 1048576K
Event: 3028,989 GC heap after
Heap after GC invocations=176 (full 16):
 PSYoungGen      total 32768K, used 788K [0x00000000eab00000, 0x00000000ecc00000, 0x0000000100000000)
  eden space 31232K, 0% used [0x00000000eab00000,0x00000000eab00000,0x00000000ec980000)
  from space 1536K, 51% used [0x00000000eca80000,0x00000000ecb45200,0x00000000ecc00000)
  to   space 1024K, 0% used [0x00000000ec980000,0x00000000ec980000,0x00000000eca80000)
 ParOldGen       total 166912K, used 135348K [0x00000000c0000000, 0x00000000ca300000, 0x00000000eab00000)
  object space 166912K, 81% used [0x00000000c0000000,0x00000000c842d1f0,0x00000000ca300000)
 Metaspace       used 65147K, capacity 68488K, committed 69248K, reserved 1112064K
  class space    used 6306K, capacity 7351K, committed 7552K, reserved 1048576K
}
Event: 3030,180 GC heap before
{Heap before GC invocations=177 (full 16):
 PSYoungGen      total 32768K, used 32020K [0x00000000eab00000, 0x00000000ecc00000, 0x0000000100000000)
  eden space 31232K, 100% used [0x00000000eab00000,0x00000000ec980000,0x00000000ec980000)
  from space 1536K, 51% used [0x00000000eca80000,0x00000000ecb45200,0x00000000ecc00000)
  to   space 1024K, 0% used [0x00000000ec980000,0x00000000ec980000,0x00000000eca80000)
 ParOldGen       total 166912K, used 135348K [0x00000000c0000000, 0x00000000ca300000, 0x00000000eab00000)
  object space 166912K, 81% used [0x00000000c0000000,0x00000000c842d1f0,0x00000000ca300000)
 Metaspace       used 65170K, capacity 68488K, committed 69248K, reserved 1112064K
  class space    used 6307K, capacity 7351K, committed 7552K, reserved 1048576K
Event: 3030,186 GC heap after
Heap after GC invocations=177 (full 16):
 PSYoungGen      total 32256K, used 692K [0x00000000eab00000, 0x00000000ecc00000, 0x0000000100000000)
  eden space 31232K, 0% used [0x00000000eab00000,0x00000000eab00000,0x00000000ec980000)
  from space 1024K, 67% used [0x00000000ec980000,0x00000000eca2d200,0x00000000eca80000)
  to   space 1024K, 0% used [0x00000000ecb00000,0x00000000ecb00000,0x00000000ecc00000)
 ParOldGen       total 166912K, used 135460K [0x00000000c0000000, 0x00000000ca300000, 0x00000000eab00000)
  object space 166912K, 81% used [0x00000000c0000000,0x00000000c84491f0,0x00000000ca300000)
 Metaspace       used 65170K, capacity 68488K, committed 69248K, reserved 1112064K
  class space    used 6307K, capacity 7351K, committed 7552K, reserved 1048576K
}
Event: 3030,220 GC heap before
{Heap before GC invocations=178 (full 16):
 PSYoungGen      total 32256K, used 31924K [0x00000000eab00000, 0x00000000ecc00000, 0x0000000100000000)
  eden space 31232K, 100% used [0x00000000eab00000,0x00000000ec980000,0x00000000ec980000)
  from space 1024K, 67% used [0x00000000ec980000,0x00000000eca2d200,0x00000000eca80000)
  to   space 1024K, 0% used [0x00000000ecb00000,0x00000000ecb00000,0x00000000ecc00000)
 ParOldGen       total 166912K, used 135460K [0x00000000c0000000, 0x00000000ca300000, 0x00000000eab00000)
  object space 166912K, 81% used [0x00000000c0000000,0x00000000c84491f0,0x00000000ca300000)
 Metaspace       used 65170K, capacity 68488K, committed 69248K, reserved 1112064K
  class space    used 6307K, capacity 7351K, committed 7552K, reserved 1048576K
Event: 3030,225 GC heap after
Heap after GC invocations=178 (full 16):
 PSYoungGen      total 32768K, used 544K [0x00000000eab00000, 0x00000000ecc00000, 0x0000000100000000)
  eden space 31744K, 0% used [0x00000000eab00000,0x00000000eab00000,0x00000000eca00000)
  from space 1024K, 53% used [0x00000000ecb00000,0x00000000ecb88000,0x00000000ecc00000)
  to   space 1024K, 0% used [0x00000000eca00000,0x00000000eca00000,0x00000000ecb00000)
 ParOldGen       total 166912K, used 135976K [0x00000000c0000000, 0x00000000ca300000, 0x00000000eab00000)
  object space 166912K, 81% used [0x00000000c0000000,0x00000000c84ca3f0,0x00000000ca300000)
 Metaspace       used 65170K, capacity 68488K, committed 69248K, reserved 1112064K
  class space    used 6307K, capacity 7351K, committed 7552K, reserved 1048576K
}
Event: 3030,340 GC heap before
{Heap before GC invocations=179 (full 16):
 PSYoungGen      total 32768K, used 32288K [0x00000000eab00000, 0x00000000ecc00000, 0x0000000100000000)
  eden space 31744K, 100% used [0x00000000eab00000,0x00000000eca00000,0x00000000eca00000)
  from space 1024K, 53% used [0x00000000ecb00000,0x00000000ecb88000,0x00000000ecc00000)
  to   space 1024K, 0% used [0x00000000eca00000,0x00000000eca00000,0x00000000ecb00000)
 ParOldGen       total 166912K, used 135976K [0x00000000c0000000, 0x00000000ca300000, 0x00000000eab00000)
  object space 166912K, 81% used [0x00000000c0000000,0x00000000c84ca3f0,0x00000000ca300000)
 Metaspace       used 65170K, capacity 68488K, committed 69248K, reserved 1112064K
  class space    used 6307K, capacity 7351K, committed 7552K, reserved 1048576K
Event: 3030,344 GC heap after
Heap after GC invocations=179 (full 16):
 PSYoungGen      total 32256K, used 1016K [0x00000000eab00000, 0x00000000ed080000, 0x0000000100000000)
  eden space 31232K, 0% used [0x00000000eab00000,0x00000000eab00000,0x00000000ec980000)
  from space 1024K, 99% used [0x00000000eca00000,0x00000000ecafe1a8,0x00000000ecb00000)
  to   space 3584K, 0% used [0x00000000ecd00000,0x00000000ecd00000,0x00000000ed080000)
 ParOldGen       total 166912K, used 137948K [0x00000000c0000000, 0x00000000ca300000, 0x00000000eab00000)
  object space 166912K, 82% used [0x00000000c0000000,0x00000000c86b72e8,0x00000000ca300000)
 Metaspace       used 65170K, capacity 68488K, committed 69248K, reserved 1112064K
  class space    used 6307K, capacity 7351K, committed 7552K, reserved 1048576K
}
Event: 3030,392 GC heap before
{Heap before GC invocations=180 (full 16):
 PSYoungGen      total 32256K, used 32248K [0x00000000eab00000, 0x00000000ed080000, 0x0000000100000000)
  eden space 31232K, 100% used [0x00000000eab00000,0x00000000ec980000,0x00000000ec980000)
  from space 1024K, 99% used [0x00000000eca00000,0x00000000ecafe1a8,0x00000000ecb00000)
  to   space 3584K, 0% used [0x00000000ecd00000,0x00000000ecd00000,0x00000000ed080000)
 ParOldGen       total 166912K, used 137948K [0x00000000c0000000, 0x00000000ca300000, 0x00000000eab00000)
  object space 166912K, 82% used [0x00000000c0000000,0x00000000c86b72e8,0x00000000ca300000)
 Metaspace       used 65171K, capacity 68488K, committed 69248K, reserved 1112064K
  class space    used 6307K, capacity 7351K, committed 7552K, reserved 1048576K
Event: 3030,400 GC heap after
Heap after GC invocations=180 (full 16):
 PSYoungGen      total 32768K, used 1984K [0x00000000eab00000, 0x00000000ecf00000, 0x0000000100000000)
  eden space 30720K, 0% used [0x00000000eab00000,0x00000000eab00000,0x00000000ec900000)
  from space 2048K, 96% used [0x00000000ecd00000,0x00000000ecef0000,0x00000000ecf00000)
  to   space 2560K, 0% used [0x00000000eca00000,0x00000000eca00000,0x00000000ecc80000)
 ParOldGen       total 166912K, used 138973K [0x00000000c0000000, 0x00000000ca300000, 0x00000000eab00000)
  object space 166912K, 83% used [0x00000000c0000000,0x00000000c87b7490,0x00000000ca300000)
 Metaspace       used 65171K, capacity 68488K, committed 69248K, reserved 1112064K
  class space    used 6307K, capacity 7351K, committed 7552K, reserved 1048576K
}

