# JRE version: OpenJDK Runtime Environment (8.0_252-b09) (build 1.8.0_252-8u252-b09-1~18.04-b09)
# Java VM: OpenJDK 64-Bit Server VM (25.252-b09 mixed mode linux-amd64 compressed oops)
Heap:
 PSYoungGen      total 31744K, used 16953K [0x00000000eab00000, 0x00000000ecc00000, 0x0000000100000000)
  eden space 30720K, 52% used [0x00000000eab00000,0x00000000ebaa9588,0x00000000ec900000)
  from space 1024K, 89% used [0x00000000ecb00000,0x00000000ecbe5220,0x00000000ecc00000)
  to   space 1536K, 0% used [0x00000000ec900000,0x00000000ec900000,0x00000000eca80000)
 ParOldGen       total 98816K, used 75323K [0x00000000c0000000, 0x00000000c6080000, 0x00000000eab00000)
  object space 98816K, 76% used [0x00000000c0000000,0x00000000c498ee40,0x00000000c6080000)
 Metaspace       used 66050K, capacity 69636K, committed 69888K, reserved 1112064K
  class space    used 6297K, capacity 7313K, committed 7424K, reserved 1048576K
GC Heap History (10 events):
Event: 414,769 GC heap before
{Heap before GC invocations=277 (full 9):
 PSYoungGen      total 33280K, used 31604K [0x00000000eab00000, 0x00000000ecd00000, 0x0000000100000000)
  eden space 31232K, 100% used [0x00000000eab00000,0x00000000ec980000,0x00000000ec980000)
  from space 2048K, 18% used [0x00000000ec980000,0x00000000ec9dd210,0x00000000ecb80000)
  to   space 1024K, 0% used [0x00000000ecc00000,0x00000000ecc00000,0x00000000ecd00000)
 ParOldGen       total 98816K, used 73947K [0x00000000c0000000, 0x00000000c6080000, 0x00000000eab00000)
  object space 98816K, 74% used [0x00000000c0000000,0x00000000c4836cd0,0x00000000c6080000)
 Metaspace       used 66012K, capacity 69566K, committed 69888K, reserved 1112064K
  class space    used 6297K, capacity 7312K, committed 7424K, reserved 1048576K
Event: 414,773 GC heap after
Heap after GC invocations=277 (full 9):
 PSYoungGen      total 31744K, used 1007K [0x00000000eab00000, 0x00000000ecd00000, 0x0000000100000000)
  eden space 30720K, 0% used [0x00000000eab00000,0x00000000eab00000,0x00000000ec900000)
  from space 1024K, 98% used [0x00000000ecc00000,0x00000000eccfbec0,0x00000000ecd00000)
  to   space 2048K, 0% used [0x00000000ec900000,0x00000000ec900000,0x00000000ecb00000)
 ParOldGen       total 98816K, used 74295K [0x00000000c0000000, 0x00000000c6080000, 0x00000000eab00000)
  object space 98816K, 75% used [0x00000000c0000000,0x00000000c488dc10,0x00000000c6080000)
 Metaspace       used 66012K, capacity 69566K, committed 69888K, reserved 1112064K
  class space    used 6297K, capacity 7312K, committed 7424K, reserved 1048576K
}
Event: 424,868 GC heap before
{Heap before GC invocations=278 (full 9):
 PSYoungGen      total 31744K, used 31727K [0x00000000eab00000, 0x00000000ecd00000, 0x0000000100000000)
  eden space 30720K, 100% used [0x00000000eab00000,0x00000000ec900000,0x00000000ec900000)
  from space 1024K, 98% used [0x00000000ecc00000,0x00000000eccfbec0,0x00000000ecd00000)
  to   space 2048K, 0% used [0x00000000ec900000,0x00000000ec900000,0x00000000ecb00000)
 ParOldGen       total 98816K, used 74295K [0x00000000c0000000, 0x00000000c6080000, 0x00000000eab00000)
  object space 98816K, 75% used [0x00000000c0000000,0x00000000c488dc10,0x00000000c6080000)
 Metaspace       used 66025K, capacity 69636K, committed 69888K, reserved 1112064K
  class space    used 6297K, capacity 7313K, committed 7424K, reserved 1048576K
Event: 424,873 GC heap after
Heap after GC invocations=278 (full 9):
 PSYoungGen      total 32768K, used 602K [0x00000000eab00000, 0x00000000ecc80000, 0x0000000100000000)
  eden space 30720K, 0% used [0x00000000eab00000,0x00000000eab00000,0x00000000ec900000)
  from space 2048K, 29% used [0x00000000ec900000,0x00000000ec996900,0x00000000ecb00000)
  to   space 1024K, 0% used [0x00000000ecb80000,0x00000000ecb80000,0x00000000ecc80000)
 ParOldGen       total 98816K, used 74303K [0x00000000c0000000, 0x00000000c6080000, 0x00000000eab00000)
  object space 98816K, 75% used [0x00000000c0000000,0x00000000c488fc10,0x00000000c6080000)
 Metaspace       used 66025K, capacity 69636K, committed 69888K, reserved 1112064K
  class space    used 6297K, capacity 7313K, committed 7424K, reserved 1048576K
}
Event: 427,440 GC heap before
{Heap before GC invocations=279 (full 9):
 PSYoungGen      total 32768K, used 31322K [0x00000000eab00000, 0x00000000ecc80000, 0x0000000100000000)
  eden space 30720K, 100% used [0x00000000eab00000,0x00000000ec900000,0x00000000ec900000)
  from space 2048K, 29% used [0x00000000ec900000,0x00000000ec996900,0x00000000ecb00000)
  to   space 1024K, 0% used [0x00000000ecb80000,0x00000000ecb80000,0x00000000ecc80000)
 ParOldGen       total 98816K, used 74303K [0x00000000c0000000, 0x00000000c6080000, 0x00000000eab00000)
  object space 98816K, 75% used [0x00000000c0000000,0x00000000c488fc10,0x00000000c6080000)
 Metaspace       used 66035K, capacity 69636K, committed 69888K, reserved 1112064K
  class space    used 6297K, capacity 7313K, committed 7424K, reserved 1048576K
Event: 427,445 GC heap after
Heap after GC invocations=279 (full 9):
 PSYoungGen      total 31232K, used 1002K [0x00000000eab00000, 0x00000000ecc80000, 0x0000000100000000)
  eden space 30208K, 0% used [0x00000000eab00000,0x00000000eab00000,0x00000000ec880000)
  from space 1024K, 97% used [0x00000000ecb80000,0x00000000ecc7a910,0x00000000ecc80000)
  to   space 2048K, 0% used [0x00000000ec880000,0x00000000ec880000,0x00000000eca80000)
 ParOldGen       total 98816K, used 74843K [0x00000000c0000000, 0x00000000c6080000, 0x00000000eab00000)
  object space 98816K, 75% used [0x00000000c0000000,0x00000000c4916e30,0x00000000c6080000)
 Metaspace       used 66035K, capacity 69636K, committed 69888K, reserved 1112064K
  class space    used 6297K, capacity 7313K, committed 7424K, reserved 1048576K
}
Event: 449,138 GC heap before
{Heap before GC invocations=280 (full 9):
 PSYoungGen      total 31232K, used 31210K [0x00000000eab00000, 0x00000000ecc80000, 0x0000000100000000)
  eden space 30208K, 100% used [0x00000000eab00000,0x00000000ec880000,0x00000000ec880000)
  from space 1024K, 97% used [0x00000000ecb80000,0x00000000ecc7a910,0x00000000ecc80000)
  to   space 2048K, 0% used [0x00000000ec880000,0x00000000ec880000,0x00000000eca80000)
 ParOldGen       total 98816K, used 74843K [0x00000000c0000000, 0x00000000c6080000, 0x00000000eab00000)
  object space 98816K, 75% used [0x00000000c0000000,0x00000000c4916e30,0x00000000c6080000)
 Metaspace       used 66036K, capacity 69636K, committed 69888K, reserved 1112064K
  class space    used 6297K, capacity 7313K, committed 7424K, reserved 1048576K
Event: 449,145 GC heap after
Heap after GC invocations=280 (full 9):
 PSYoungGen      total 32256K, used 224K [0x00000000eab00000, 0x00000000ecc00000, 0x0000000100000000)
  eden space 30208K, 0% used [0x00000000eab00000,0x00000000eab00000,0x00000000ec880000)
  from space 2048K, 10% used [0x00000000ec880000,0x00000000ec8b8010,0x00000000eca80000)
  to   space 1024K, 0% used [0x00000000ecb00000,0x00000000ecb00000,0x00000000ecc00000)
 ParOldGen       total 98816K, used 75267K [0x00000000c0000000, 0x00000000c6080000, 0x00000000eab00000)
  object space 98816K, 76% used [0x00000000c0000000,0x00000000c4980e30,0x00000000c6080000)
 Metaspace       used 66036K, capacity 69636K, committed 69888K, reserved 1112064K
  class space    used 6297K, capacity 7313K, committed 7424K, reserved 1048576K
}
Event: 449,409 GC heap before
{Heap before GC invocations=281 (full 9):
 PSYoungGen      total 32256K, used 30432K [0x00000000eab00000, 0x00000000ecc00000, 0x0000000100000000)
  eden space 30208K, 100% used [0x00000000eab00000,0x00000000ec880000,0x00000000ec880000)
  from space 2048K, 10% used [0x00000000ec880000,0x00000000ec8b8010,0x00000000eca80000)
  to   space 1024K, 0% used [0x00000000ecb00000,0x00000000ecb00000,0x00000000ecc00000)
 ParOldGen       total 98816K, used 75267K [0x00000000c0000000, 0x00000000c6080000, 0x00000000eab00000)
  object space 98816K, 76% used [0x00000000c0000000,0x00000000c4980e30,0x00000000c6080000)
 Metaspace       used 66045K, capacity 69636K, committed 69888K, reserved 1112064K
  class space    used 6297K, capacity 7313K, committed 7424K, reserved 1048576K
Event: 449,416 GC heap after
Heap after GC invocations=281 (full 9):
 PSYoungGen      total 31744K, used 916K [0x00000000eab00000, 0x00000000ecc00000, 0x0000000100000000)
  eden space 30720K, 0% used [0x00000000eab00000,0x00000000eab00000,0x00000000ec900000)
  from space 1024K, 89% used [0x00000000ecb00000,0x00000000ecbe5220,0x00000000ecc00000)
  to   space 1536K, 0% used [0x00000000ec900000,0x00000000ec900000,0x00000000eca80000)
 ParOldGen       total 98816K, used 75323K [0x00000000c0000000, 0x00000000c6080000, 0x00000000eab00000)
  object space 98816K, 76% used [0x00000000c0000000,0x00000000c498ee40,0x00000000c6080000)
 Metaspace       used 66045K, capacity 69636K, committed 69888K, reserved 1112064K
  class space    used 6297K, capacity 7313K, committed 7424K, reserved 1048576K
}

