# JRE version: OpenJDK Runtime Environment (8.0_252-b09) (build 1.8.0_252-8u252-b09-1~18.04-b09)
# Java VM: OpenJDK 64-Bit Server VM (25.252-b09 mixed mode linux-amd64 compressed oops)
Heap:
 PSYoungGen      total 29184K, used 21782K [0x00000000eab00000, 0x00000000ed180000, 0x0000000100000000)
  eden space 25600K, 71% used [0x00000000eab00000,0x00000000ebcc7cd8,0x00000000ec400000)
  from space 3584K, 99% used [0x00000000ec880000,0x00000000ecbfdf00,0x00000000ecc00000)
  to   space 4608K, 0% used [0x00000000ec400000,0x00000000ec400000,0x00000000ec880000)
 ParOldGen       total 126976K, used 124864K [0x00000000c0000000, 0x00000000c7c00000, 0x00000000eab00000)
  object space 126976K, 98% used [0x00000000c0000000,0x00000000c79f01a8,0x00000000c7c00000)
 Metaspace       used 74178K, capacity 78042K, committed 78208K, reserved 1120256K
  class space    used 6759K, capacity 7782K, committed 7808K, reserved 1048576K
GC Heap History (10 events):
Event: 15689,081 GC heap before
{Heap before GC invocations=1755 (full 53):
 PSYoungGen      total 30208K, used 30051K [0x00000000eab00000, 0x00000000ecc80000, 0x0000000100000000)
  eden space 26112K, 100% used [0x00000000eab00000,0x00000000ec480000,0x00000000ec480000)
  from space 4096K, 96% used [0x00000000ec500000,0x00000000ec8d8d30,0x00000000ec900000)
  to   space 3584K, 0% used [0x00000000ec900000,0x00000000ec900000,0x00000000ecc80000)
 ParOldGen       total 126976K, used 123976K [0x00000000c0000000, 0x00000000c7c00000, 0x00000000eab00000)
  object space 126976K, 97% used [0x00000000c0000000,0x00000000c79122e8,0x00000000c7c00000)
 Metaspace       used 74177K, capacity 78042K, committed 78208K, reserved 1120256K
  class space    used 6759K, capacity 7782K, committed 7808K, reserved 1048576K
Event: 15689,088 GC heap after
Heap after GC invocations=1755 (full 53):
 PSYoungGen      total 30720K, used 3081K [0x00000000eab00000, 0x00000000ecc80000, 0x0000000100000000)
  eden space 27136K, 0% used [0x00000000eab00000,0x00000000eab00000,0x00000000ec580000)
  from space 3584K, 85% used [0x00000000ec900000,0x00000000ecc02420,0x00000000ecc80000)
  to   space 3584K, 0% used [0x00000000ec580000,0x00000000ec580000,0x00000000ec900000)
 ParOldGen       total 126976K, used 124104K [0x00000000c0000000, 0x00000000c7c00000, 0x00000000eab00000)
  object space 126976K, 97% used [0x00000000c0000000,0x00000000c79322f8,0x00000000c7c00000)
 Metaspace       used 74177K, capacity 78042K, committed 78208K, reserved 1120256K
  class space    used 6759K, capacity 7782K, committed 7808K, reserved 1048576K
}
Event: 15689,131 GC heap before
{Heap before GC invocations=1756 (full 53):
 PSYoungGen      total 30720K, used 30217K [0x00000000eab00000, 0x00000000ecc80000, 0x0000000100000000)
  eden space 27136K, 100% used [0x00000000eab00000,0x00000000ec580000,0x00000000ec580000)
  from space 3584K, 85% used [0x00000000ec900000,0x00000000ecc02420,0x00000000ecc80000)
  to   space 3584K, 0% used [0x00000000ec580000,0x00000000ec580000,0x00000000ec900000)
 ParOldGen       total 126976K, used 124104K [0x00000000c0000000, 0x00000000c7c00000, 0x00000000eab00000)
  object space 126976K, 97% used [0x00000000c0000000,0x00000000c79322f8,0x00000000c7c00000)
 Metaspace       used 74177K, capacity 78042K, committed 78208K, reserved 1120256K
  class space    used 6759K, capacity 7782K, committed 7808K, reserved 1048576K
Event: 15689,140 GC heap after
Heap after GC invocations=1756 (full 53):
 PSYoungGen      total 30720K, used 3427K [0x00000000eab00000, 0x00000000ecc00000, 0x0000000100000000)
  eden space 27136K, 0% used [0x00000000eab00000,0x00000000eab00000,0x00000000ec580000)
  from space 3584K, 95% used [0x00000000ec580000,0x00000000ec8d8d20,0x00000000ec900000)
  to   space 3072K, 0% used [0x00000000ec900000,0x00000000ec900000,0x00000000ecc00000)
 ParOldGen       total 126976K, used 124160K [0x00000000c0000000, 0x00000000c7c00000, 0x00000000eab00000)
  object space 126976K, 97% used [0x00000000c0000000,0x00000000c79402f8,0x00000000c7c00000)
 Metaspace       used 74177K, capacity 78042K, committed 78208K, reserved 1120256K
  class space    used 6759K, capacity 7782K, committed 7808K, reserved 1048576K
}
Event: 15689,729 GC heap before
{Heap before GC invocations=1757 (full 53):
 PSYoungGen      total 30720K, used 30563K [0x00000000eab00000, 0x00000000ecc00000, 0x0000000100000000)
  eden space 27136K, 100% used [0x00000000eab00000,0x00000000ec580000,0x00000000ec580000)
  from space 3584K, 95% used [0x00000000ec580000,0x00000000ec8d8d20,0x00000000ec900000)
  to   space 3072K, 0% used [0x00000000ec900000,0x00000000ec900000,0x00000000ecc00000)
 ParOldGen       total 126976K, used 124160K [0x00000000c0000000, 0x00000000c7c00000, 0x00000000eab00000)
  object space 126976K, 97% used [0x00000000c0000000,0x00000000c79402f8,0x00000000c7c00000)
 Metaspace       used 74177K, capacity 78042K, committed 78208K, reserved 1120256K
  class space    used 6759K, capacity 7782K, committed 7808K, reserved 1048576K
Event: 15689,734 GC heap after
Heap after GC invocations=1757 (full 53):
 PSYoungGen      total 29696K, used 3043K [0x00000000eab00000, 0x00000000ecc00000, 0x0000000100000000)
  eden space 26624K, 0% used [0x00000000eab00000,0x00000000eab00000,0x00000000ec500000)
  from space 3072K, 99% used [0x00000000ec900000,0x00000000ecbf8d20,0x00000000ecc00000)
  to   space 3584K, 0% used [0x00000000ec500000,0x00000000ec500000,0x00000000ec880000)
 ParOldGen       total 126976K, used 124183K [0x00000000c0000000, 0x00000000c7c00000, 0x00000000eab00000)
  object space 126976K, 97% used [0x00000000c0000000,0x00000000c7945ff8,0x00000000c7c00000)
 Metaspace       used 74177K, capacity 78042K, committed 78208K, reserved 1120256K
  class space    used 6759K, capacity 7782K, committed 7808K, reserved 1048576K
}
Event: 15689,782 GC heap before
{Heap before GC invocations=1758 (full 53):
 PSYoungGen      total 29696K, used 29667K [0x00000000eab00000, 0x00000000ecc00000, 0x0000000100000000)
  eden space 26624K, 100% used [0x00000000eab00000,0x00000000ec500000,0x00000000ec500000)
  from space 3072K, 99% used [0x00000000ec900000,0x00000000ecbf8d20,0x00000000ecc00000)
  to   space 3584K, 0% used [0x00000000ec500000,0x00000000ec500000,0x00000000ec880000)
 ParOldGen       total 126976K, used 124183K [0x00000000c0000000, 0x00000000c7c00000, 0x00000000eab00000)
  object space 126976K, 97% used [0x00000000c0000000,0x00000000c7945ff8,0x00000000c7c00000)
 Metaspace       used 74177K, capacity 78042K, committed 78208K, reserved 1120256K
  class space    used 6759K, capacity 7782K, committed 7808K, reserved 1048576K
Event: 15689,790 GC heap after
Heap after GC invocations=1758 (full 53):
 PSYoungGen      total 30208K, used 3145K [0x00000000eab00000, 0x00000000ecc00000, 0x0000000100000000)
  eden space 26624K, 0% used [0x00000000eab00000,0x00000000eab00000,0x00000000ec500000)
  from space 3584K, 87% used [0x00000000ec500000,0x00000000ec812400,0x00000000ec880000)
  to   space 3584K, 0% used [0x00000000ec880000,0x00000000ec880000,0x00000000ecc00000)
 ParOldGen       total 126976K, used 124412K [0x00000000c0000000, 0x00000000c7c00000, 0x00000000eab00000)
  object space 126976K, 97% used [0x00000000c0000000,0x00000000c797f218,0x00000000c7c00000)
 Metaspace       used 74177K, capacity 78042K, committed 78208K, reserved 1120256K
  class space    used 6759K, capacity 7782K, committed 7808K, reserved 1048576K
}
Event: 15689,827 GC heap before
{Heap before GC invocations=1759 (full 53):
 PSYoungGen      total 30208K, used 29769K [0x00000000eab00000, 0x00000000ecc00000, 0x0000000100000000)
  eden space 26624K, 100% used [0x00000000eab00000,0x00000000ec500000,0x00000000ec500000)
  from space 3584K, 87% used [0x00000000ec500000,0x00000000ec812400,0x00000000ec880000)
  to   space 3584K, 0% used [0x00000000ec880000,0x00000000ec880000,0x00000000ecc00000)
 ParOldGen       total 126976K, used 124412K [0x00000000c0000000, 0x00000000c7c00000, 0x00000000eab00000)
  object space 126976K, 97% used [0x00000000c0000000,0x00000000c797f218,0x00000000c7c00000)
 Metaspace       used 74178K, capacity 78042K, committed 78208K, reserved 1120256K
  class space    used 6759K, capacity 7782K, committed 7808K, reserved 1048576K
Event: 15689,841 GC heap after
Heap after GC invocations=1759 (full 53):
 PSYoungGen      total 29184K, used 3575K [0x00000000eab00000, 0x00000000ed180000, 0x0000000100000000)
  eden space 25600K, 0% used [0x00000000eab00000,0x00000000eab00000,0x00000000ec400000)
  from space 3584K, 99% used [0x00000000ec880000,0x00000000ecbfdf00,0x00000000ecc00000)
  to   space 4608K, 0% used [0x00000000ec400000,0x00000000ec400000,0x00000000ec880000)
 ParOldGen       total 126976K, used 124864K [0x00000000c0000000, 0x00000000c7c00000, 0x00000000eab00000)
  object space 126976K, 98% used [0x00000000c0000000,0x00000000c79f01a8,0x00000000c7c00000)
 Metaspace       used 74178K, capacity 78042K, committed 78208K, reserved 1120256K
  class space    used 6759K, capacity 7782K, committed 7808K, reserved 1048576K
}

