# JRE version: OpenJDK Runtime Environment (8.0_252-b09) (build 1.8.0_252-8u252-b09-1~18.04-b09)
# Java VM: OpenJDK 64-Bit Server VM (25.252-b09 mixed mode linux-amd64 compressed oops)
Heap:
 PSYoungGen      total 49664K, used 34771K [0x00000000eab00000, 0x00000000ee580000, 0x0000000100000000)
  eden space 40448K, 63% used [0x00000000eab00000,0x00000000ec43da98,0x00000000ed280000)
  from space 9216K, 96% used [0x00000000ed380000,0x00000000edc373d8,0x00000000edc80000)
  to   space 9216K, 0% used [0x00000000edc80000,0x00000000edc80000,0x00000000ee580000)
 ParOldGen       total 139776K, used 128044K [0x00000000c0000000, 0x00000000c8880000, 0x00000000eab00000)
  object space 139776K, 91% used [0x00000000c0000000,0x00000000c7d0b388,0x00000000c8880000)
 Metaspace       used 67245K, capacity 70800K, committed 70912K, reserved 1112064K
  class space    used 6358K, capacity 7327K, committed 7424K, reserved 1048576K
GC Heap History (10 events):
Event: 817,694 GC heap before
{Heap before GC invocations=320 (full 12):
 PSYoungGen      total 44544K, used 44238K [0x00000000eab00000, 0x00000000edf80000, 0x0000000100000000)
  eden space 37376K, 100% used [0x00000000eab00000,0x00000000ecf80000,0x00000000ecf80000)
  from space 7168K, 95% used [0x00000000ecf80000,0x00000000ed633b00,0x00000000ed680000)
  to   space 7680K, 0% used [0x00000000ed800000,0x00000000ed800000,0x00000000edf80000)
 ParOldGen       total 140288K, used 129656K [0x00000000c0000000, 0x00000000c8900000, 0x00000000eab00000)
  object space 140288K, 92% used [0x00000000c0000000,0x00000000c7e9e3d8,0x00000000c8900000)
 Metaspace       used 67225K, capacity 70736K, committed 70912K, reserved 1112064K
  class space    used 6358K, capacity 7327K, committed 7424K, reserved 1048576K
Event: 817,700 GC heap after
Heap after GC invocations=320 (full 12):
 PSYoungGen      total 44032K, used 192K [0x00000000eab00000, 0x00000000eda00000, 0x0000000100000000)
  eden space 41984K, 0% used [0x00000000eab00000,0x00000000eab00000,0x00000000ed400000)
  from space 2048K, 9% used [0x00000000ed800000,0x00000000ed830000,0x00000000eda00000)
  to   space 3072K, 0% used [0x00000000ed400000,0x00000000ed400000,0x00000000ed700000)
 ParOldGen       total 140288K, used 135056K [0x00000000c0000000, 0x00000000c8900000, 0x00000000eab00000)
  object space 140288K, 96% used [0x00000000c0000000,0x00000000c83e40d8,0x00000000c8900000)
 Metaspace       used 67225K, capacity 70736K, committed 70912K, reserved 1112064K
  class space    used 6358K, capacity 7327K, committed 7424K, reserved 1048576K
}
Event: 817,700 GC heap before
{Heap before GC invocations=321 (full 13):
 PSYoungGen      total 44032K, used 192K [0x00000000eab00000, 0x00000000eda00000, 0x0000000100000000)
  eden space 41984K, 0% used [0x00000000eab00000,0x00000000eab00000,0x00000000ed400000)
  from space 2048K, 9% used [0x00000000ed800000,0x00000000ed830000,0x00000000eda00000)
  to   space 3072K, 0% used [0x00000000ed400000,0x00000000ed400000,0x00000000ed700000)
 ParOldGen       total 140288K, used 135056K [0x00000000c0000000, 0x00000000c8900000, 0x00000000eab00000)
  object space 140288K, 96% used [0x00000000c0000000,0x00000000c83e40d8,0x00000000c8900000)
 Metaspace       used 67225K, capacity 70736K, committed 70912K, reserved 1112064K
  class space    used 6358K, capacity 7327K, committed 7424K, reserved 1048576K
Event: 817,815 GC heap after
Heap after GC invocations=321 (full 13):
 PSYoungGen      total 44032K, used 0K [0x00000000eab00000, 0x00000000eda00000, 0x0000000100000000)
  eden space 41984K, 0% used [0x00000000eab00000,0x00000000eab00000,0x00000000ed400000)
  from space 2048K, 0% used [0x00000000ed800000,0x00000000ed800000,0x00000000eda00000)
  to   space 3072K, 0% used [0x00000000ed400000,0x00000000ed400000,0x00000000ed700000)
 ParOldGen       total 139776K, used 107691K [0x00000000c0000000, 0x00000000c8880000, 0x00000000eab00000)
  object space 139776K, 77% used [0x00000000c0000000,0x00000000c692ad80,0x00000000c8880000)
 Metaspace       used 67225K, capacity 70736K, committed 70912K, reserved 1112064K
  class space    used 6358K, capacity 7327K, committed 7424K, reserved 1048576K
}
Event: 818,832 GC heap before
{Heap before GC invocations=322 (full 13):
 PSYoungGen      total 44032K, used 41984K [0x00000000eab00000, 0x00000000eda00000, 0x0000000100000000)
  eden space 41984K, 100% used [0x00000000eab00000,0x00000000ed400000,0x00000000ed400000)
  from space 2048K, 0% used [0x00000000ed800000,0x00000000ed800000,0x00000000eda00000)
  to   space 3072K, 0% used [0x00000000ed400000,0x00000000ed400000,0x00000000ed700000)
 ParOldGen       total 139776K, used 107691K [0x00000000c0000000, 0x00000000c8880000, 0x00000000eab00000)
  object space 139776K, 77% used [0x00000000c0000000,0x00000000c692ad80,0x00000000c8880000)
 Metaspace       used 67228K, capacity 70736K, committed 70912K, reserved 1112064K
  class space    used 6358K, capacity 7327K, committed 7424K, reserved 1048576K
Event: 818,839 GC heap after
Heap after GC invocations=322 (full 13):
 PSYoungGen      total 44032K, used 3049K [0x00000000eab00000, 0x00000000eeb00000, 0x0000000100000000)
  eden space 40960K, 0% used [0x00000000eab00000,0x00000000eab00000,0x00000000ed300000)
  from space 3072K, 99% used [0x00000000ed400000,0x00000000ed6fa440,0x00000000ed700000)
  to   space 12288K, 0% used [0x00000000edf00000,0x00000000edf00000,0x00000000eeb00000)
 ParOldGen       total 139776K, used 114995K [0x00000000c0000000, 0x00000000c8880000, 0x00000000eab00000)
  object space 139776K, 82% used [0x00000000c0000000,0x00000000c704cd68,0x00000000c8880000)
 Metaspace       used 67228K, capacity 70736K, committed 70912K, reserved 1112064K
  class space    used 6358K, capacity 7327K, committed 7424K, reserved 1048576K
}
Event: 819,209 GC heap before
{Heap before GC invocations=323 (full 13):
 PSYoungGen      total 44032K, used 44009K [0x00000000eab00000, 0x00000000eeb00000, 0x0000000100000000)
  eden space 40960K, 100% used [0x00000000eab00000,0x00000000ed300000,0x00000000ed300000)
  from space 3072K, 99% used [0x00000000ed400000,0x00000000ed6fa440,0x00000000ed700000)
  to   space 12288K, 0% used [0x00000000edf00000,0x00000000edf00000,0x00000000eeb00000)
 ParOldGen       total 139776K, used 114995K [0x00000000c0000000, 0x00000000c8880000, 0x00000000eab00000)
  object space 139776K, 82% used [0x00000000c0000000,0x00000000c704cd68,0x00000000c8880000)
 Metaspace       used 67236K, capacity 70736K, committed 70912K, reserved 1112064K
  class space    used 6358K, capacity 7327K, committed 7424K, reserved 1048576K
Event: 819,254 GC heap after
Heap after GC invocations=323 (full 13):
 PSYoungGen      total 53760K, used 10833K [0x00000000eab00000, 0x00000000eee80000, 0x0000000100000000)
  eden space 41472K, 0% used [0x00000000eab00000,0x00000000eab00000,0x00000000ed380000)
  from space 12288K, 88% used [0x00000000edf00000,0x00000000ee9945e8,0x00000000eeb00000)
  to   space 11776K, 0% used [0x00000000ed380000,0x00000000ed380000,0x00000000edf00000)
 ParOldGen       total 139776K, used 118095K [0x00000000c0000000, 0x00000000c8880000, 0x00000000eab00000)
  object space 139776K, 84% used [0x00000000c0000000,0x00000000c7353ea8,0x00000000c8880000)
 Metaspace       used 67236K, capacity 70736K, committed 70912K, reserved 1112064K
  class space    used 6358K, capacity 7327K, committed 7424K, reserved 1048576K
}
Event: 820,232 GC heap before
{Heap before GC invocations=324 (full 13):
 PSYoungGen      total 53760K, used 52305K [0x00000000eab00000, 0x00000000eee80000, 0x0000000100000000)
  eden space 41472K, 100% used [0x00000000eab00000,0x00000000ed380000,0x00000000ed380000)
  from space 12288K, 88% used [0x00000000edf00000,0x00000000ee9945e8,0x00000000eeb00000)
  to   space 11776K, 0% used [0x00000000ed380000,0x00000000ed380000,0x00000000edf00000)
 ParOldGen       total 139776K, used 118095K [0x00000000c0000000, 0x00000000c8880000, 0x00000000eab00000)
  object space 139776K, 84% used [0x00000000c0000000,0x00000000c7353ea8,0x00000000c8880000)
 Metaspace       used 67236K, capacity 70736K, committed 70912K, reserved 1112064K
  class space    used 6358K, capacity 7327K, committed 7424K, reserved 1048576K
Event: 820,300 GC heap after
Heap after GC invocations=324 (full 13):
 PSYoungGen      total 49664K, used 8924K [0x00000000eab00000, 0x00000000ee580000, 0x0000000100000000)
  eden space 40448K, 0% used [0x00000000eab00000,0x00000000eab00000,0x00000000ed280000)
  from space 9216K, 96% used [0x00000000ed380000,0x00000000edc373d8,0x00000000edc80000)
  to   space 9216K, 0% used [0x00000000edc80000,0x00000000edc80000,0x00000000ee580000)
 ParOldGen       total 139776K, used 128044K [0x00000000c0000000, 0x00000000c8880000, 0x00000000eab00000)
  object space 139776K, 91% used [0x00000000c0000000,0x00000000c7d0b388,0x00000000c8880000)
 Metaspace       used 67236K, capacity 70736K, committed 70912K, reserved 1112064K
  class space    used 6358K, capacity 7327K, committed 7424K, reserved 1048576K
}

