# JRE version: OpenJDK Runtime Environment (8.0_252-b09) (build 1.8.0_252-8u252-b09-1~18.04-b09)
# Java VM: OpenJDK 64-Bit Server VM (25.252-b09 mixed mode linux-amd64 compressed oops)
Heap:
 PSYoungGen      total 125440K, used 26991K [0x00000000d6800000, 0x00000000dec00000, 0x0000000100000000)
  eden space 117760K, 22% used [0x00000000d6800000,0x00000000d825bef8,0x00000000ddb00000)
  from space 7680K, 0% used [0x00000000de480000,0x00000000de480000,0x00000000dec00000)
  to   space 8704K, 0% used [0x00000000ddb00000,0x00000000ddb00000,0x00000000de380000)
 ParOldGen       total 54272K, used 9127K [0x0000000083800000, 0x0000000086d00000, 0x00000000d6800000)
  object space 54272K, 16% used [0x0000000083800000,0x00000000840e9d80,0x0000000086d00000)
 Metaspace       used 35535K, capacity 37682K, committed 37888K, reserved 1081344K
  class space    used 4921K, capacity 5120K, committed 5120K, reserved 1048576K
GC Heap History (10 events):
Event: 3,883 GC heap before
{Heap before GC invocations=6 (full 1):
 PSYoungGen      total 37888K, used 4237K [0x00000000d6800000, 0x00000000db600000, 0x0000000100000000)
  eden space 32768K, 0% used [0x00000000d6800000,0x00000000d6800000,0x00000000d8800000)
  from space 5120K, 82% used [0x00000000d8800000,0x00000000d8c235a0,0x00000000d8d00000)
  to   space 7168K, 0% used [0x00000000daf00000,0x00000000daf00000,0x00000000db600000)
 ParOldGen       total 86016K, used 2870K [0x0000000083800000, 0x0000000088c00000, 0x00000000d6800000)
  object space 86016K, 3% used [0x0000000083800000,0x0000000083acda78,0x0000000088c00000)
 Metaspace       used 20342K, capacity 21238K, committed 21296K, reserved 1067008K
  class space    used 2800K, capacity 2932K, committed 2944K, reserved 1048576K
Event: 3,906 GC heap after
Heap after GC invocations=6 (full 1):
 PSYoungGen      total 37888K, used 0K [0x00000000d6800000, 0x00000000db600000, 0x0000000100000000)
  eden space 32768K, 0% used [0x00000000d6800000,0x00000000d6800000,0x00000000d8800000)
  from space 5120K, 0% used [0x00000000d8800000,0x00000000d8800000,0x00000000d8d00000)
  to   space 7168K, 0% used [0x00000000daf00000,0x00000000daf00000,0x00000000db600000)
 ParOldGen       total 41472K, used 4139K [0x0000000083800000, 0x0000000086080000, 0x00000000d6800000)
  object space 41472K, 9% used [0x0000000083800000,0x0000000083c0adb8,0x0000000086080000)
 Metaspace       used 20342K, capacity 21238K, committed 21296K, reserved 1067008K
  class space    used 2800K, capacity 2932K, committed 2944K, reserved 1048576K
}
Event: 4,734 GC heap before
{Heap before GC invocations=7 (full 1):
 PSYoungGen      total 37888K, used 32768K [0x00000000d6800000, 0x00000000db600000, 0x0000000100000000)
  eden space 32768K, 100% used [0x00000000d6800000,0x00000000d8800000,0x00000000d8800000)
  from space 5120K, 0% used [0x00000000d8800000,0x00000000d8800000,0x00000000d8d00000)
  to   space 7168K, 0% used [0x00000000daf00000,0x00000000daf00000,0x00000000db600000)
 ParOldGen       total 41472K, used 4139K [0x0000000083800000, 0x0000000086080000, 0x00000000d6800000)
  object space 41472K, 9% used [0x0000000083800000,0x0000000083c0adb8,0x0000000086080000)
 Metaspace       used 23992K, capacity 25088K, committed 25216K, reserved 1071104K
  class space    used 3316K, capacity 3450K, committed 3456K, reserved 1048576K
Event: 4,738 GC heap after
Heap after GC invocations=7 (full 1):
 PSYoungGen      total 68608K, used 3201K [0x00000000d6800000, 0x00000000db480000, 0x0000000100000000)
  eden space 62976K, 0% used [0x00000000d6800000,0x00000000d6800000,0x00000000da580000)
  from space 5632K, 56% used [0x00000000daf00000,0x00000000db220630,0x00000000db480000)
  to   space 7680K, 0% used [0x00000000da580000,0x00000000da580000,0x00000000dad00000)
 ParOldGen       total 41472K, used 4139K [0x0000000083800000, 0x0000000086080000, 0x00000000d6800000)
  object space 41472K, 9% used [0x0000000083800000,0x0000000083c0adb8,0x0000000086080000)
 Metaspace       used 23992K, capacity 25088K, committed 25216K, reserved 1071104K
  class space    used 3316K, capacity 3450K, committed 3456K, reserved 1048576K
}
Event: 6,217 GC heap before
{Heap before GC invocations=8 (full 1):
 PSYoungGen      total 68608K, used 66177K [0x00000000d6800000, 0x00000000db480000, 0x0000000100000000)
  eden space 62976K, 100% used [0x00000000d6800000,0x00000000da580000,0x00000000da580000)
  from space 5632K, 56% used [0x00000000daf00000,0x00000000db220630,0x00000000db480000)
  to   space 7680K, 0% used [0x00000000da580000,0x00000000da580000,0x00000000dad00000)
 ParOldGen       total 41472K, used 4139K [0x0000000083800000, 0x0000000086080000, 0x00000000d6800000)
  object space 41472K, 9% used [0x0000000083800000,0x0000000083c0adb8,0x0000000086080000)
 Metaspace       used 31694K, capacity 33234K, committed 33536K, reserved 1079296K
  class space    used 4355K, capacity 4537K, committed 4608K, reserved 1048576K
Event: 6,224 GC heap after
Heap after GC invocations=8 (full 1):
 PSYoungGen      total 70656K, used 7660K [0x00000000d6800000, 0x00000000ded00000, 0x0000000100000000)
  eden space 62976K, 0% used [0x00000000d6800000,0x00000000d6800000,0x00000000da580000)
  from space 7680K, 99% used [0x00000000da580000,0x00000000dacfb0f0,0x00000000dad00000)
  to   space 8704K, 0% used [0x00000000de480000,0x00000000de480000,0x00000000ded00000)
 ParOldGen       total 41472K, used 4632K [0x0000000083800000, 0x0000000086080000, 0x00000000d6800000)
  object space 41472K, 11% used [0x0000000083800000,0x0000000083c86238,0x0000000086080000)
 Metaspace       used 31694K, capacity 33234K, committed 33536K, reserved 1079296K
  class space    used 4355K, capacity 4537K, committed 4608K, reserved 1048576K
}
Event: 6,660 GC heap before
{Heap before GC invocations=9 (full 1):
 PSYoungGen      total 70656K, used 37384K [0x00000000d6800000, 0x00000000ded00000, 0x0000000100000000)
  eden space 62976K, 47% used [0x00000000d6800000,0x00000000d85070f8,0x00000000da580000)
  from space 7680K, 99% used [0x00000000da580000,0x00000000dacfb0f0,0x00000000dad00000)
  to   space 8704K, 0% used [0x00000000de480000,0x00000000de480000,0x00000000ded00000)
 ParOldGen       total 41472K, used 4632K [0x0000000083800000, 0x0000000086080000, 0x00000000d6800000)
  object space 41472K, 11% used [0x0000000083800000,0x0000000083c86238,0x0000000086080000)
 Metaspace       used 33628K, capacity 35428K, committed 35496K, reserved 1079296K
  class space    used 4640K, capacity 4821K, committed 4864K, reserved 1048576K
Event: 6,669 GC heap after
Heap after GC invocations=9 (full 1):
 PSYoungGen      total 125440K, used 5219K [0x00000000d6800000, 0x00000000dec00000, 0x0000000100000000)
  eden space 117760K, 0% used [0x00000000d6800000,0x00000000d6800000,0x00000000ddb00000)
  from space 7680K, 67% used [0x00000000de480000,0x00000000de998d50,0x00000000dec00000)
  to   space 8704K, 0% used [0x00000000ddb00000,0x00000000ddb00000,0x00000000de380000)
 ParOldGen       total 41472K, used 4632K [0x0000000083800000, 0x0000000086080000, 0x00000000d6800000)
  object space 41472K, 11% used [0x0000000083800000,0x0000000083c86238,0x0000000086080000)
 Metaspace       used 33628K, capacity 35428K, committed 35496K, reserved 1079296K
  class space    used 4640K, capacity 4821K, committed 4864K, reserved 1048576K
}
Event: 6,669 GC heap before
{Heap before GC invocations=10 (full 2):
 PSYoungGen      total 125440K, used 5219K [0x00000000d6800000, 0x00000000dec00000, 0x0000000100000000)
  eden space 117760K, 0% used [0x00000000d6800000,0x00000000d6800000,0x00000000ddb00000)
  from space 7680K, 67% used [0x00000000de480000,0x00000000de998d50,0x00000000dec00000)
  to   space 8704K, 0% used [0x00000000ddb00000,0x00000000ddb00000,0x00000000de380000)
 ParOldGen       total 41472K, used 4632K [0x0000000083800000, 0x0000000086080000, 0x00000000d6800000)
  object space 41472K, 11% used [0x0000000083800000,0x0000000083c86238,0x0000000086080000)
 Metaspace       used 33628K, capacity 35428K, committed 35496K, reserved 1079296K
  class space    used 4640K, capacity 4821K, committed 4864K, reserved 1048576K
Event: 6,713 GC heap after
Heap after GC invocations=10 (full 2):
 PSYoungGen      total 125440K, used 0K [0x00000000d6800000, 0x00000000dec00000, 0x0000000100000000)
  eden space 117760K, 0% used [0x00000000d6800000,0x00000000d6800000,0x00000000ddb00000)
  from space 7680K, 0% used [0x00000000de480000,0x00000000de480000,0x00000000dec00000)
  to   space 8704K, 0% used [0x00000000ddb00000,0x00000000ddb00000,0x00000000de380000)
 ParOldGen       total 54272K, used 9127K [0x0000000083800000, 0x0000000086d00000, 0x00000000d6800000)
  object space 54272K, 16% used [0x0000000083800000,0x00000000840e9d80,0x0000000086d00000)
 Metaspace       used 33625K, capacity 35422K, committed 35496K, reserved 1079296K
  class space    used 4639K, capacity 4820K, committed 4864K, reserved 1048576K
}

