# JRE version: OpenJDK Runtime Environment (8.0_252-b09) (build 1.8.0_252-8u252-b09-1~18.04-b09)
# Java VM: OpenJDK 64-Bit Server VM (25.252-b09 mixed mode linux-amd64 compressed oops)
Heap:
 PSYoungGen      total 48128K, used 18850K [0x00000000eab00000, 0x00000000eed00000, 0x0000000100000000)
  eden space 45568K, 36% used [0x00000000eab00000,0x00000000ebb59510,0x00000000ed780000)
  from space 2560K, 82% used [0x00000000eea80000,0x00000000eec8f320,0x00000000eed00000)
  to   space 3072K, 0% used [0x00000000ee700000,0x00000000ee700000,0x00000000eea00000)
 ParOldGen       total 79360K, used 69611K [0x00000000c0000000, 0x00000000c4d80000, 0x00000000eab00000)
  object space 79360K, 87% used [0x00000000c0000000,0x00000000c43facd8,0x00000000c4d80000)
 Metaspace       used 61599K, capacity 65002K, committed 65152K, reserved 1107968K
  class space    used 6000K, capacity 7002K, committed 7040K, reserved 1048576K
GC Heap History (10 events):
Event: 857,645 GC heap before
{Heap before GC invocations=94 (full 10):
 PSYoungGen      total 58880K, used 53596K [0x00000000eab00000, 0x00000000ef300000, 0x0000000100000000)
  eden space 51200K, 100% used [0x00000000eab00000,0x00000000edd00000,0x00000000edd00000)
  from space 7680K, 31% used [0x00000000ee680000,0x00000000ee8d7388,0x00000000eee00000)
  to   space 4608K, 0% used [0x00000000eee80000,0x00000000eee80000,0x00000000ef300000)
 ParOldGen       total 79360K, used 65498K [0x00000000c0000000, 0x00000000c4d80000, 0x00000000eab00000)
  object space 79360K, 82% used [0x00000000c0000000,0x00000000c3ff6808,0x00000000c4d80000)
 Metaspace       used 61016K, capacity 64356K, committed 64640K, reserved 1107968K
  class space    used 5969K, capacity 6965K, committed 7040K, reserved 1048576K
Event: 857,649 GC heap after
Heap after GC invocations=94 (full 10):
 PSYoungGen      total 53248K, used 3164K [0x00000000eab00000, 0x00000000ef200000, 0x0000000100000000)
  eden space 49664K, 0% used [0x00000000eab00000,0x00000000eab00000,0x00000000edb80000)
  from space 3584K, 88% used [0x00000000eee80000,0x00000000ef197388,0x00000000ef200000)
  to   space 3584K, 0% used [0x00000000eeb00000,0x00000000eeb00000,0x00000000eee80000)
 ParOldGen       total 79360K, used 65498K [0x00000000c0000000, 0x00000000c4d80000, 0x00000000eab00000)
  object space 79360K, 82% used [0x00000000c0000000,0x00000000c3ff6808,0x00000000c4d80000)
 Metaspace       used 61016K, capacity 64356K, committed 64640K, reserved 1107968K
  class space    used 5969K, capacity 6965K, committed 7040K, reserved 1048576K
}
Event: 862,124 GC heap before
{Heap before GC invocations=95 (full 10):
 PSYoungGen      total 53248K, used 52828K [0x00000000eab00000, 0x00000000ef200000, 0x0000000100000000)
  eden space 49664K, 100% used [0x00000000eab00000,0x00000000edb80000,0x00000000edb80000)
  from space 3584K, 88% used [0x00000000eee80000,0x00000000ef197388,0x00000000ef200000)
  to   space 3584K, 0% used [0x00000000eeb00000,0x00000000eeb00000,0x00000000eee80000)
 ParOldGen       total 79360K, used 65498K [0x00000000c0000000, 0x00000000c4d80000, 0x00000000eab00000)
  object space 79360K, 82% used [0x00000000c0000000,0x00000000c3ff6808,0x00000000c4d80000)
 Metaspace       used 61129K, capacity 64488K, committed 64640K, reserved 1107968K
  class space    used 5971K, capacity 6965K, committed 7040K, reserved 1048576K
Event: 862,132 GC heap after
Heap after GC invocations=95 (full 10):
 PSYoungGen      total 51712K, used 3004K [0x00000000eab00000, 0x00000000eef00000, 0x0000000100000000)
  eden space 48640K, 0% used [0x00000000eab00000,0x00000000eab00000,0x00000000eda80000)
  from space 3072K, 97% used [0x00000000eeb00000,0x00000000eedef388,0x00000000eee00000)
  to   space 1024K, 0% used [0x00000000eee00000,0x00000000eee00000,0x00000000eef00000)
 ParOldGen       total 79360K, used 65498K [0x00000000c0000000, 0x00000000c4d80000, 0x00000000eab00000)
  object space 79360K, 82% used [0x00000000c0000000,0x00000000c3ff6808,0x00000000c4d80000)
 Metaspace       used 61129K, capacity 64488K, committed 64640K, reserved 1107968K
  class space    used 5971K, capacity 6965K, committed 7040K, reserved 1048576K
}
Event: 862,231 GC heap before
{Heap before GC invocations=96 (full 10):
 PSYoungGen      total 51712K, used 51644K [0x00000000eab00000, 0x00000000eef00000, 0x0000000100000000)
  eden space 48640K, 100% used [0x00000000eab00000,0x00000000eda80000,0x00000000eda80000)
  from space 3072K, 97% used [0x00000000eeb00000,0x00000000eedef388,0x00000000eee00000)
  to   space 1024K, 0% used [0x00000000eee00000,0x00000000eee00000,0x00000000eef00000)
 ParOldGen       total 79360K, used 65498K [0x00000000c0000000, 0x00000000c4d80000, 0x00000000eab00000)
  object space 79360K, 82% used [0x00000000c0000000,0x00000000c3ff6808,0x00000000c4d80000)
 Metaspace       used 61159K, capacity 64488K, committed 64640K, reserved 1107968K
  class space    used 5971K, capacity 6965K, committed 7040K, reserved 1048576K
Event: 862,237 GC heap after
Heap after GC invocations=96 (full 10):
 PSYoungGen      total 48640K, used 1009K [0x00000000eab00000, 0x00000000eef00000, 0x0000000100000000)
  eden space 47616K, 0% used [0x00000000eab00000,0x00000000eab00000,0x00000000ed980000)
  from space 1024K, 98% used [0x00000000eee00000,0x00000000eeefc570,0x00000000eef00000)
  to   space 5120K, 0% used [0x00000000ee500000,0x00000000ee500000,0x00000000eea00000)
 ParOldGen       total 79360K, used 69086K [0x00000000c0000000, 0x00000000c4d80000, 0x00000000eab00000)
  object space 79360K, 87% used [0x00000000c0000000,0x00000000c4377a98,0x00000000c4d80000)
 Metaspace       used 61159K, capacity 64488K, committed 64640K, reserved 1107968K
  class space    used 5971K, capacity 6965K, committed 7040K, reserved 1048576K
}
Event: 863,079 GC heap before
{Heap before GC invocations=97 (full 10):
 PSYoungGen      total 48640K, used 48625K [0x00000000eab00000, 0x00000000eef00000, 0x0000000100000000)
  eden space 47616K, 100% used [0x00000000eab00000,0x00000000ed980000,0x00000000ed980000)
  from space 1024K, 98% used [0x00000000eee00000,0x00000000eeefc570,0x00000000eef00000)
  to   space 5120K, 0% used [0x00000000ee500000,0x00000000ee500000,0x00000000eea00000)
 ParOldGen       total 79360K, used 69086K [0x00000000c0000000, 0x00000000c4d80000, 0x00000000eab00000)
  object space 79360K, 87% used [0x00000000c0000000,0x00000000c4377a98,0x00000000c4d80000)
 Metaspace       used 61379K, capacity 64648K, committed 64896K, reserved 1107968K
  class space    used 5985K, capacity 6997K, committed 7040K, reserved 1048576K
Event: 863,083 GC heap after
Heap after GC invocations=97 (full 10):
 PSYoungGen      total 51712K, used 3111K [0x00000000eab00000, 0x00000000eee80000, 0x0000000100000000)
  eden space 46592K, 0% used [0x00000000eab00000,0x00000000eab00000,0x00000000ed880000)
  from space 5120K, 60% used [0x00000000ee500000,0x00000000ee809ff0,0x00000000eea00000)
  to   space 4096K, 0% used [0x00000000eea80000,0x00000000eea80000,0x00000000eee80000)
 ParOldGen       total 79360K, used 69603K [0x00000000c0000000, 0x00000000c4d80000, 0x00000000eab00000)
  object space 79360K, 87% used [0x00000000c0000000,0x00000000c43f8cd8,0x00000000c4d80000)
 Metaspace       used 61379K, capacity 64648K, committed 64896K, reserved 1107968K
  class space    used 5985K, capacity 6997K, committed 7040K, reserved 1048576K
}
Event: 864,048 GC heap before
{Heap before GC invocations=98 (full 10):
 PSYoungGen      total 51712K, used 49703K [0x00000000eab00000, 0x00000000eee80000, 0x0000000100000000)
  eden space 46592K, 100% used [0x00000000eab00000,0x00000000ed880000,0x00000000ed880000)
  from space 5120K, 60% used [0x00000000ee500000,0x00000000ee809ff0,0x00000000eea00000)
  to   space 4096K, 0% used [0x00000000eea80000,0x00000000eea80000,0x00000000eee80000)
 ParOldGen       total 79360K, used 69603K [0x00000000c0000000, 0x00000000c4d80000, 0x00000000eab00000)
  object space 79360K, 87% used [0x00000000c0000000,0x00000000c43f8cd8,0x00000000c4d80000)
 Metaspace       used 61500K, capacity 64810K, committed 65152K, reserved 1107968K
  class space    used 5992K, capacity 7002K, committed 7040K, reserved 1048576K
Event: 864,056 GC heap after
Heap after GC invocations=98 (full 10):
 PSYoungGen      total 48128K, used 2108K [0x00000000eab00000, 0x00000000eed00000, 0x0000000100000000)
  eden space 45568K, 0% used [0x00000000eab00000,0x00000000eab00000,0x00000000ed780000)
  from space 2560K, 82% used [0x00000000eea80000,0x00000000eec8f320,0x00000000eed00000)
  to   space 3072K, 0% used [0x00000000ee700000,0x00000000ee700000,0x00000000eea00000)
 ParOldGen       total 79360K, used 69611K [0x00000000c0000000, 0x00000000c4d80000, 0x00000000eab00000)
  object space 79360K, 87% used [0x00000000c0000000,0x00000000c43facd8,0x00000000c4d80000)
 Metaspace       used 61500K, capacity 64810K, committed 65152K, reserved 1107968K
  class space    used 5992K, capacity 7002K, committed 7040K, reserved 1048576K
}

