# JRE version: OpenJDK Runtime Environment (8.0_252-b09) (build 1.8.0_252-8u252-b09-1~18.04-b09)
# Java VM: OpenJDK 64-Bit Server VM (25.252-b09 mixed mode linux-amd64 compressed oops)
Heap:
 PSYoungGen      total 32768K, used 24458K [0x00000000eab00000, 0x00000000ed100000, 0x0000000100000000)
  eden space 30720K, 79% used [0x00000000eab00000,0x00000000ec2e2930,0x00000000ec900000)
  from space 2048K, 0% used [0x00000000eca00000,0x00000000eca00000,0x00000000ecc00000)
  to   space 4096K, 0% used [0x00000000ecd00000,0x00000000ecd00000,0x00000000ed100000)
 ParOldGen       total 138752K, used 112501K [0x00000000c0000000, 0x00000000c8780000, 0x00000000eab00000)
  object space 138752K, 81% used [0x00000000c0000000,0x00000000c6ddd550,0x00000000c8780000)
 Metaspace       used 75322K, capacity 79106K, committed 79360K, reserved 1120256K
  class space    used 6832K, capacity 7848K, committed 7936K, reserved 1048576K
GC Heap History (10 events):
Event: 10232,263 GC heap before
{Heap before GC invocations=2897 (full 124):
 PSYoungGen      total 32256K, used 32233K [0x00000000eab00000, 0x00000000ed380000, 0x0000000100000000)
  eden space 30208K, 100% used [0x00000000eab00000,0x00000000ec880000,0x00000000ec880000)
  from space 2048K, 98% used [0x00000000ec900000,0x00000000ecafa400,0x00000000ecb00000)
  to   space 5632K, 0% used [0x00000000ece00000,0x00000000ece00000,0x00000000ed380000)
 ParOldGen       total 137216K, used 133392K [0x00000000c0000000, 0x00000000c8600000, 0x00000000eab00000)
  object space 137216K, 97% used [0x00000000c0000000,0x00000000c82440c0,0x00000000c8600000)
 Metaspace       used 75322K, capacity 79106K, committed 79360K, reserved 1120256K
  class space    used 6832K, capacity 7848K, committed 7936K, reserved 1048576K
Event: 10232,268 GC heap after
Heap after GC invocations=2897 (full 124):
 PSYoungGen      total 30720K, used 544K [0x00000000eab00000, 0x00000000ecf00000, 0x0000000100000000)
  eden space 29696K, 0% used [0x00000000eab00000,0x00000000eab00000,0x00000000ec800000)
  from space 1024K, 53% used [0x00000000ece00000,0x00000000ece88000,0x00000000ecf00000)
  to   space 2560K, 0% used [0x00000000eca00000,0x00000000eca00000,0x00000000ecc80000)
 ParOldGen       total 137216K, used 135057K [0x00000000c0000000, 0x00000000c8600000, 0x00000000eab00000)
  object space 137216K, 98% used [0x00000000c0000000,0x00000000c83e45b0,0x00000000c8600000)
 Metaspace       used 75322K, capacity 79106K, committed 79360K, reserved 1120256K
  class space    used 6832K, capacity 7848K, committed 7936K, reserved 1048576K
}
Event: 10248,949 GC heap before
{Heap before GC invocations=2898 (full 124):
 PSYoungGen      total 30720K, used 30240K [0x00000000eab00000, 0x00000000ecf00000, 0x0000000100000000)
  eden space 29696K, 100% used [0x00000000eab00000,0x00000000ec800000,0x00000000ec800000)
  from space 1024K, 53% used [0x00000000ece00000,0x00000000ece88000,0x00000000ecf00000)
  to   space 2560K, 0% used [0x00000000eca00000,0x00000000eca00000,0x00000000ecc80000)
 ParOldGen       total 137216K, used 135057K [0x00000000c0000000, 0x00000000c8600000, 0x00000000eab00000)
  object space 137216K, 98% used [0x00000000c0000000,0x00000000c83e45b0,0x00000000c8600000)
 Metaspace       used 75322K, capacity 79106K, committed 79360K, reserved 1120256K
  class space    used 6832K, capacity 7848K, committed 7936K, reserved 1048576K
Event: 10248,954 GC heap after
Heap after GC invocations=2898 (full 124):
 PSYoungGen      total 34304K, used 1741K [0x00000000eab00000, 0x00000000ece80000, 0x0000000100000000)
  eden space 31744K, 0% used [0x00000000eab00000,0x00000000eab00000,0x00000000eca00000)
  from space 2560K, 68% used [0x00000000eca00000,0x00000000ecbb3640,0x00000000ecc80000)
  to   space 2048K, 0% used [0x00000000ecc80000,0x00000000ecc80000,0x00000000ece80000)
 ParOldGen       total 137216K, used 135057K [0x00000000c0000000, 0x00000000c8600000, 0x00000000eab00000)
  object space 137216K, 98% used [0x00000000c0000000,0x00000000c83e45b0,0x00000000c8600000)
 Metaspace       used 75322K, capacity 79106K, committed 79360K, reserved 1120256K
  class space    used 6832K, capacity 7848K, committed 7936K, reserved 1048576K
}
Event: 10250,647 GC heap before
{Heap before GC invocations=2899 (full 124):
 PSYoungGen      total 34304K, used 33485K [0x00000000eab00000, 0x00000000ece80000, 0x0000000100000000)
  eden space 31744K, 100% used [0x00000000eab00000,0x00000000eca00000,0x00000000eca00000)
  from space 2560K, 68% used [0x00000000eca00000,0x00000000ecbb3640,0x00000000ecc80000)
  to   space 2048K, 0% used [0x00000000ecc80000,0x00000000ecc80000,0x00000000ece80000)
 ParOldGen       total 137216K, used 135057K [0x00000000c0000000, 0x00000000c8600000, 0x00000000eab00000)
  object space 137216K, 98% used [0x00000000c0000000,0x00000000c83e45b0,0x00000000c8600000)
 Metaspace       used 75322K, capacity 79106K, committed 79360K, reserved 1120256K
  class space    used 6832K, capacity 7848K, committed 7936K, reserved 1048576K
Event: 10250,651 GC heap after
Heap after GC invocations=2899 (full 124):
 PSYoungGen      total 32768K, used 1497K [0x00000000eab00000, 0x00000000ece00000, 0x0000000100000000)
  eden space 31232K, 0% used [0x00000000eab00000,0x00000000eab00000,0x00000000ec980000)
  from space 1536K, 97% used [0x00000000ecc80000,0x00000000ecdf6440,0x00000000ece00000)
  to   space 2048K, 0% used [0x00000000eca00000,0x00000000eca00000,0x00000000ecc00000)
 ParOldGen       total 137216K, used 135057K [0x00000000c0000000, 0x00000000c8600000, 0x00000000eab00000)
  object space 137216K, 98% used [0x00000000c0000000,0x00000000c83e45b0,0x00000000c8600000)
 Metaspace       used 75322K, capacity 79106K, committed 79360K, reserved 1120256K
  class space    used 6832K, capacity 7848K, committed 7936K, reserved 1048576K
}
Event: 10251,075 GC heap before
{Heap before GC invocations=2900 (full 124):
 PSYoungGen      total 32768K, used 32729K [0x00000000eab00000, 0x00000000ece00000, 0x0000000100000000)
  eden space 31232K, 100% used [0x00000000eab00000,0x00000000ec980000,0x00000000ec980000)
  from space 1536K, 97% used [0x00000000ecc80000,0x00000000ecdf6440,0x00000000ece00000)
  to   space 2048K, 0% used [0x00000000eca00000,0x00000000eca00000,0x00000000ecc00000)
 ParOldGen       total 137216K, used 135057K [0x00000000c0000000, 0x00000000c8600000, 0x00000000eab00000)
  object space 137216K, 98% used [0x00000000c0000000,0x00000000c83e45b0,0x00000000c8600000)
 Metaspace       used 75322K, capacity 79106K, committed 79360K, reserved 1120256K
  class space    used 6832K, capacity 7848K, committed 7936K, reserved 1048576K
Event: 10251,081 GC heap after
Heap after GC invocations=2900 (full 124):
 PSYoungGen      total 32768K, used 2035K [0x00000000eab00000, 0x00000000ed100000, 0x0000000100000000)
  eden space 30720K, 0% used [0x00000000eab00000,0x00000000eab00000,0x00000000ec900000)
  from space 2048K, 99% used [0x00000000eca00000,0x00000000ecbfcd40,0x00000000ecc00000)
  to   space 4096K, 0% used [0x00000000ecd00000,0x00000000ecd00000,0x00000000ed100000)
 ParOldGen       total 137216K, used 136736K [0x00000000c0000000, 0x00000000c8600000, 0x00000000eab00000)
  object space 137216K, 99% used [0x00000000c0000000,0x00000000c8588010,0x00000000c8600000)
 Metaspace       used 75322K, capacity 79106K, committed 79360K, reserved 1120256K
  class space    used 6832K, capacity 7848K, committed 7936K, reserved 1048576K
}
Event: 10251,081 GC heap before
{Heap before GC invocations=2901 (full 125):
 PSYoungGen      total 32768K, used 2035K [0x00000000eab00000, 0x00000000ed100000, 0x0000000100000000)
  eden space 30720K, 0% used [0x00000000eab00000,0x00000000eab00000,0x00000000ec900000)
  from space 2048K, 99% used [0x00000000eca00000,0x00000000ecbfcd40,0x00000000ecc00000)
  to   space 4096K, 0% used [0x00000000ecd00000,0x00000000ecd00000,0x00000000ed100000)
 ParOldGen       total 137216K, used 136736K [0x00000000c0000000, 0x00000000c8600000, 0x00000000eab00000)
  object space 137216K, 99% used [0x00000000c0000000,0x00000000c8588010,0x00000000c8600000)
 Metaspace       used 75322K, capacity 79106K, committed 79360K, reserved 1120256K
  class space    used 6832K, capacity 7848K, committed 7936K, reserved 1048576K
Event: 10251,236 GC heap after
Heap after GC invocations=2901 (full 125):
 PSYoungGen      total 32768K, used 0K [0x00000000eab00000, 0x00000000ed100000, 0x0000000100000000)
  eden space 30720K, 0% used [0x00000000eab00000,0x00000000eab00000,0x00000000ec900000)
  from space 2048K, 0% used [0x00000000eca00000,0x00000000eca00000,0x00000000ecc00000)
  to   space 4096K, 0% used [0x00000000ecd00000,0x00000000ecd00000,0x00000000ed100000)
 ParOldGen       total 138752K, used 112501K [0x00000000c0000000, 0x00000000c8780000, 0x00000000eab00000)
  object space 138752K, 81% used [0x00000000c0000000,0x00000000c6ddd550,0x00000000c8780000)
 Metaspace       used 75322K, capacity 79106K, committed 79360K, reserved 1120256K
  class space    used 6832K, capacity 7848K, committed 7936K, reserved 1048576K
}

